PLINK v1.9.0-b.7.7 64-bit (22 Oct 2024)
Options in effect:
  --allow-no-sex
  --distance-matrix
  --file ADAPTmap_TOP
  --nonfounders
  --out dataForPCA

Hostname: MacBook-Pro-1076.local
Working directory: /Users/lilyheald/sapphire/SAfrADMIX
Start time: Tue Feb 11 14:33:10 2025

Random number seed: 1739302390
8192 MB RAM detected; reserving 4096 MB for main workspace.
Scanning .ped file... done.
Performing single-pass .bed write (3980 variants, 94 people).
--file: dataForPCA-temporary.bed + dataForPCA-temporary.bim +
dataForPCA-temporary.fam written.
3980 variants loaded from .bim file.
94 people (45 males, 49 females) loaded from .fam.
Using up to 8 threads (change this with --threads).
Before main variant filters, 94 founders and 0 nonfounders present.
Calculating allele frequencies... done.
Total genotyping rate is 0.993534.
3980 variants and 94 people pass filters and QC.
Note: No phenotypes present.
Distance matrix calculation complete.
Distances (proportions) written to dataForPCA.mdist , and IDs to
dataForPCA.mdist.id .

End time: Tue Feb 11 14:33:10 2025
