PLINK v1.9.0-b.7.7 64-bit (22 Oct 2024)
Options in effect:
  --bfile SAfrADMIX
  --make-bed
  --no-pheno
  --out filtered_data
  --pheno vitdscores.txt

Hostname: MacBook-Pro-1076.local
Working directory: /Users/lilyheald/sapphire/SAfrADMIX
Start time: Tue Feb 11 15:30:20 2025

Random number seed: 1739305820
8192 MB RAM detected; reserving 4096 MB for main workspace.
3980 variants loaded from .bim file.
94 people (45 males, 49 females) loaded from .fam.
0 phenotype values present after --pheno.
Using 1 thread (no multithreaded calculations invoked).
Before main variant filters, 94 founders and 0 nonfounders present.
Calculating allele frequencies... done.
Total genotyping rate is 0.993534.
3980 variants and 94 people pass filters and QC.
Note: No phenotypes present.
--make-bed to filtered_data.bed + filtered_data.bim + filtered_data.fam ...
done.

End time: Tue Feb 11 15:30:20 2025
